2023-07-23 13:10:33,159 INFO   Running firedrake-install
2023-07-23 13:10:33,170 DEBUG  Installer running with: /Users/rishi/firedrake/bin/python3
2023-07-23 13:10:33,170 DEBUG  Python version: 3.9.7 (v3.9.7:1016ef3790, Aug 30 2021, 16:39:15) 
[Clang 6.0 (clang-600.0.57)]
2023-07-23 13:10:33,170 DEBUG  *** Current environment (output of 'env') ***
2023-07-23 13:10:33,170 DEBUG  Running command 'env'
2023-07-23 13:10:33,177 DEBUG  TERM_PROGRAM=vscode
TERM=xterm-256color
SHELL=/bin/bash
TMPDIR=/var/folders/1p/lpqr4j153x94ccmbdhfrbyj00000gn/T/
TERM_PROGRAM_VERSION=1.74.2
ORIGINAL_XDG_CURRENT_DESKTOP=undefined
MallocNanoZone=0
USER=rishi
COMMAND_MODE=unix2003
SSH_AUTH_SOCK=/private/tmp/com.apple.launchd.sCG8NgwCum/Listeners
__CF_USER_TEXT_ENCODING=0x1F5:0x0:0x0
VIRTUAL_ENV=/Users/rishi/firedrake
PATH=/Users/rishi/firedrake/bin:/opt/local/bin:/opt/local/sbin:/Library/Frameworks/Python.framework/Versions/3.9/bin:/usr/local/bin:/System/Cryptexes/App/usr/bin:/usr/bin:/bin:/usr/sbin:/sbin:/opt/local/bin:/opt/local/sbin:/Library/Frameworks/Python.framework/Versions/3.9/bin
__CFBundleIdentifier=com.microsoft.VSCode
PWD=/Users/rishi/Documents/GitHub/Personal
LANG=en_US.UTF-8
VSCODE_GIT_ASKPASS_EXTRA_ARGS=--ms-enable-electron-run-as-node
XPC_FLAGS=0x0
PS1=\[]633;A\](firedrake) \[]633;A\]\h:\W \u\$ \[]633;B\]\[]633;B\]
XPC_SERVICE_NAME=0
SHLVL=2
HOME=/Users/rishi
VSCODE_GIT_ASKPASS_MAIN=/private/var/folders/1p/lpqr4j153x94ccmbdhfrbyj00000gn/T/AppTranslocation/A55FE7CB-616F-40CF-BC2D-BDEE9C1538C1/d/Visual Studio Code.app/Contents/Resources/app/extensions/git/dist/askpass-main.js
LOGNAME=rishi
VSCODE_GIT_IPC_HANDLE=/var/folders/1p/lpqr4j153x94ccmbdhfrbyj00000gn/T/vscode-git-5ef913eae8.sock
VSCODE_GIT_ASKPASS_NODE=/private/var/folders/1p/lpqr4j153x94ccmbdhfrbyj00000gn/T/AppTranslocation/A55FE7CB-616F-40CF-BC2D-BDEE9C1538C1/d/Visual Studio Code.app/Contents/Frameworks/Code Helper.app/Contents/MacOS/Code Helper
GIT_ASKPASS=/private/var/folders/1p/lpqr4j153x94ccmbdhfrbyj00000gn/T/AppTranslocation/A55FE7CB-616F-40CF-BC2D-BDEE9C1538C1/d/Visual Studio Code.app/Contents/Resources/app/extensions/git/dist/askpass.sh
VIRTUAL_ENV_PROMPT=firedrake
COLORTERM=truecolor
_=/Users/rishi/firedrake/bin/python3
OLDPWD=/Users/rishi

2023-07-23 13:10:33,178 DEBUG  


2023-07-23 13:10:33,178 DEBUG  Running command 'brew --version'
2023-07-23 13:10:33,399 DEBUG  Homebrew 3.6.15-23-ged3789a
Homebrew/homebrew-core (no Git repository)
Homebrew/homebrew-cask (git revision e128fd4bc4; last commit 2022-12-14)

2023-07-23 13:10:33,399 INFO   Installing command line tools...
2023-07-23 13:10:33,399 DEBUG  Running command 'xcode-select --install'
2023-07-23 13:10:33,404 DEBUG  xcode-select: error: command line tools are already installed, use "Software Update" in System Settings to install updates

2023-07-23 13:10:33,405 INFO   Checking brew doctor...
2023-07-23 13:10:33,405 DEBUG  Running command 'brew doctor'
2023-07-23 13:10:35,141 DEBUG  Please note that these warnings are just used to help the Homebrew maintainers
with debugging if you file an issue. If everything you use Homebrew for is
working fine: please don't worry or file an issue; just ignore this. Thanks!

Warning: Homebrew/homebrew-core was not tapped properly! Run:
  rm -rf "/usr/local/Homebrew/Library/Taps/homebrew/homebrew-core"
  brew tap homebrew/core

Warning: Some taps are not on the default git origin branch and may not receive
updates. If this is a surprise to you, check out the default branch with:
  git -C $(brew --repo homebrew/core) checkout 

2023-07-23 13:10:35,141 INFO   Installing required packages via homebrew...
2023-07-23 13:10:35,141 DEBUG  Running command 'brew info --installed --json'
2023-07-23 13:10:36,124 INFO   Installing required package 'gcc' via Homebrew.
2023-07-23 13:10:36,125 DEBUG  Running command 'brew install gcc'
2023-07-23 13:10:37,663 DEBUG  Warning: No available formula with the name "gcc".
Error: No similarly named formulae found.
==> Searching for similarly named formulae...
==> Searching for a previously deleted formula (in the last month)...
Error: No previously deleted formula found.
==> Searching taps on GitHub...
Warning: Error searching on GitHub: GitHub API Error: Requires authentication
The GitHub credentials in the macOS keychain may be invalid.
Clear them with:
  printf "protocol=https\nhost=github.com\n" | git credential-osxkeychain erase
Create a GitHub personal access token:
    https://github.com/settings/tokens/new?scopes=gist,repo,workflow&description=Homebrew
  echo 'export HOMEBREW_GITHUB_API_TOKEN=your_token_here' >> /Users/rishi/.bash_profile


Error: No formulae found in taps.

2023-07-23 13:10:37,666 INFO   

Install log saved in /Users/rishi/Documents/GitHub/Personal/firedrake-install.log
